1909 0 2247 10000
5810 0 6659 10000
5407 0 5542 10000
5767 0 5791 10000
6659 0 7031 10000
4206 0 4312 10000
7853 0 7875 10000
7875 0 8033 10000
9048 0 9451 10000
7292 0 7633 10000
7633 0 7823 10000
421 0 934 10000
7164 0 7292 10000
5356 0 5407 10000
5261 0 5356 10000
3546 0 3927 10000
4667 0 5252 10000
5596 0 5671 10000
2518 0 3096 10000
9002 0 9048 10000
8574 0 8575 10000
3118 0 3155 10000
7140 0 7164 10000
8544 0 8574 10000
8577 0 8801 10000
3155 0 3347 10000
7823 0 7853 10000
9451 0 10000 10000
7031 0 7140 10000
1841 0 1909 10000
76 0 421 10000
3543 0 3546 10000
3927 0 4030 10000
5671 0 5767 10000
5542 0 5596 10000
4030 0 4206 10000
8575 0 8577 10000
1139 0 1841 10000
50 0 76 10000
934 0 1139 10000
8801 0 9002 10000
4499 0 4667 10000
3096 0 3118 10000
5252 0 5261 10000
2247 0 2297 10000
3347 0 3543 10000
5791 0 5810 10000
8033 0 8544 10000
2297 0 2518 10000
4312 0 4499 10000
